0 46 26 37 42 38 27 46 49 28 27 39 28 28 38 40 38 36 41 37 27 45 21 41 50 45 53 21
29 0 19 35 37 33 25 44 19 21 20 32 21 21 36 38 31 34 30 27 20 25 50 25 9 38 51 15
29 32 0 23 25 24 26 32 35 27 26 31 27 27 29 26 37 35 27 36 26 28 37 24 33 19 39 34
15 9 5 0 5 1 6 9 12 7 6 18 7 7 17 3 17 15 20 16 6 8 14 4 13 24 16 14
10 22 0 16 0 14 1 25 18 2 1 13 2 2 12 19 12 10 15 11 1 3 31 -1 8 19 32 9
14 8 4 20 4 0 5 21 22 6 5 17 6 6 16 23 16 14 19 15 5 7 26 3 12 23 28 13
9 21 -1 22 17 13 0 31 27 1 0 12 1 1 11 25 11 9 14 10 0 20 30 16 25 18 38 8
15 30 5 21 21 22 22 0 3 10 9 19 10 7 17 24 9 31 12 18 9 24 5 20 29 24 7 17
12 29 7 30 25 21 26 31 0 9 8 20 9 9 26 31 19 35 11 18 8 28 33 24 33 26 38 16
8 20 -2 21 16 12 17 30 33 0 -1 11 0 0 17 24 10 26 13 9 -1 19 29 15 24 17 37 7
20 21 -1 22 17 13 18 31 34 12 0 12 1 1 18 25 11 27 14 10 0 20 32 16 25 18 38 19
26 27 5 28 23 19 24 37 40 18 6 0 7 7 24 31 17 33 20 13 6 26 38 22 31 24 44 13
26 20 16 32 16 12 17 33 34 18 17 11 0 18 28 35 28 26 31 9 -1 19 38 15 24 25 40 24
27 30 -2 21 23 22 24 30 33 25 24 19 25 0 17 24 35 29 25 32 24 26 31 22 31 17 37 32
28 29 7 30 25 21 26 39 30 20 8 2 9 9 0 33 19 35 22 15 8 28 40 24 33 26 46 15
21 36 11 27 27 28 28 6 9 16 15 25 16 13 23 0 15 37 18 24 15 30 11 26 35 30 13 23
9 21 -4 19 12 13 13 23 26 1 0 12 1 -2 15 22 0 22 3 9 0 15 29 11 20 15 30 8
27 16 18 25 18 14 19 34 18 20 19 31 20 20 30 28 26 0 25 11 19 21 21 17 25 17 41 27
6 18 -4 19 14 10 15 20 23 -2 -3 9 -2 -2 15 20 8 24 0 7 -3 17 27 13 22 15 27 5
56 51 47 42 47 43 48 51 44 49 48 60 49 49 59 45 59 57 55 0 48 43 56 39 48 66 58 56
38 36 17 40 32 28 33 49 50 30 18 12 19 19 36 43 29 42 32 25 0 35 50 31 40 36 56 25
16 37 12 31 33 29 29 40 15 17 16 28 17 14 28 34 27 38 26 23 16 0 37 21 5 31 47 24
31 25 21 16 21 17 22 25 28 23 22 34 23 23 33 19 33 31 36 32 22 24 0 20 29 40 32 30
20 32 16 35 28 24 29 44 19 21 20 23 12 18 32 38 31 38 30 21 11 4 41 0 9 35 51 28
20 32 10 26 28 24 24 35 10 12 11 23 12 12 29 29 22 33 21 18 11 20 41 16 0 29 42 19
10 17 6 8 6 9 7 17 20 8 7 19 8 8 18 11 18 16 8 17 7 9 22 5 14 0 24 15
29 23 19 14 19 15 20 23 26 21 20 18 21 21 28 17 31 29 34 30 6 22 -2 18 27 38 0 28
47 62 37 53 53 54 54 32 35 42 41 51 42 39 49 26 41 63 44 46 41 56 37 52 61 56 39 0
