0 3 7 3 6 20 6 8 10 6 4 6 19 24 7 3 9 0 11 5 6 17 13 5 17 20 15 5 -1 5 19 12 32 6 27 10 19 -1 19 9
1 0 4 0 3 17 0 5 7 3 2 3 17 21 8 1 6 1 8 6 5 18 10 2 14 21 15 2 0 -1 16 9 29 3 24 11 20 0 16 9
-3 0 0 -4 3 13 -4 2 3 -1 -2 0 13 17 4 -3 2 -3 4 2 1 14 6 2 10 17 11 -2 -4 -5 12 5 25 -1 21 7 16 -4 12 5
1 6 10 0 9 22 0 7 12 8 2 7 17 27 8 1 9 1 11 6 5 18 14 6 19 21 16 7 0 -1 21 14 32 8 28 11 20 0 21 10
-2 -3 1 -3 0 14 -3 2 4 0 -1 0 14 18 5 -2 3 -2 5 3 2 15 7 -1 11 18 12 -1 -3 -4 13 6 26 0 21 8 17 -3 13 6
12 12 14 10 14 0 12 13 17 13 9 11 17 24 14 8 3 12 15 -1 10 9 8 10 18 14 12 12 11 11 20 19 33 13 32 4 29 11 -1 6
18 19 23 19 22 34 0 24 24 22 22 22 31 40 25 21 23 11 25 23 5 19 28 21 31 38 30 21 17 16 33 26 46 20 43 28 37 1 31 24
22 21 25 21 24 27 21 0 28 24 26 24 21 35 29 25 30 21 29 23 26 24 13 23 17 38 25 23 20 20 37 30 32 24 45 28 41 20 26 31
5 4 8 4 7 21 4 9 0 7 5 7 20 25 9 4 -1 5 1 10 6 22 4 6 7 25 8 6 4 3 9 13 22 7 28 15 24 4 20 2
-2 1 5 -3 4 14 -3 3 4 0 -1 1 14 22 5 -2 3 -2 5 3 2 15 7 3 11 18 12 -1 -3 -4 13 6 26 0 22 8 17 -3 13 6
13 12 16 12 15 21 12 17 19 15 0 15 15 33 17 12 7 13 9 18 14 18 12 14 26 33 16 14 12 11 28 21 41 15 36 23 32 12 19 10
15 14 18 14 17 29 14 2 21 17 15 0 23 23 22 14 9 15 22 20 16 26 14 16 19 35 18 16 14 13 30 23 34 17 21 25 34 14 28 12
4 3 7 3 6 6 3 8 10 6 5 6 0 24 11 4 9 4 11 5 8 3 13 5 17 20 18 5 3 2 19 12 32 6 27 10 23 3 5 12
10 15 19 9 18 25 9 15 15 17 11 13 26 0 17 10 14 10 16 15 14 27 19 15 13 30 23 11 9 8 24 17 28 11 34 20 29 9 24 17
11 10 14 10 13 27 10 15 17 13 12 13 23 31 0 11 16 11 18 13 -1 26 20 12 24 28 25 12 10 9 26 19 39 13 34 18 15 10 26 19
14 13 17 13 16 22 12 18 20 16 1 16 16 34 18 0 8 14 10 19 15 19 13 15 27 34 17 15 13 12 29 22 31 16 37 24 33 13 20 11
6 5 9 5 8 22 5 10 12 8 6 8 21 26 13 5 0 6 13 11 7 23 5 7 19 26 9 7 5 4 21 14 34 8 29 16 25 5 21 3
7 10 14 10 13 27 6 15 17 13 11 13 26 31 14 10 16 0 18 12 11 17 20 12 23 27 22 12 6 5 25 19 38 13 34 17 26 -1 26 16
4 3 7 3 6 20 3 8 10 6 4 6 19 24 8 3 -2 4 0 9 5 21 3 5 17 24 7 5 3 2 19 12 32 6 27 14 23 3 19 1
13 13 17 13 16 24 13 18 20 16 17 16 18 25 15 16 14 13 16 0 14 21 19 15 19 15 23 15 12 12 21 22 34 16 37 5 30 12 23 17
15 14 18 14 17 29 14 19 19 17 16 17 31 35 22 15 18 15 20 20 0 32 23 16 26 35 27 16 14 13 28 21 41 15 38 25 34 14 28 21
12 15 19 15 18 32 18 20 22 18 16 18 31 36 19 15 21 12 23 17 18 0 25 17 29 32 27 17 11 17 31 24 44 18 39 22 31 11 31 21
23 19 23 19 22 34 19 24 26 22 21 22 28 22 22 20 24 23 26 10 21 28 0 21 29 25 33 21 22 18 31 28 44 22 43 15 37 20 33 27
-1 -2 2 -2 1 15 -2 3 5 1 0 1 15 19 6 -1 4 -1 6 4 3 16 8 0 12 19 13 0 -2 -3 14 7 27 1 22 9 18 -2 14 7
11 14 18 14 17 28 10 19 21 17 15 17 22 35 18 14 20 4 22 16 15 21 24 16 0 31 17 16 3 9 29 23 15 17 38 21 30 3 27 20
5 4 8 4 7 21 4 9 11 7 5 7 20 25 9 4 -1 5 1 10 6 22 4 6 18 0 8 6 4 3 20 13 33 7 28 15 24 4 20 2
-3 -4 0 -4 -1 13 -4 1 3 -1 -2 -1 13 17 4 -3 2 -3 4 2 1 14 6 -2 10 17 0 -2 -4 -5 12 5 25 -1 20 7 16 -4 12 5
-1 4 8 -2 7 15 -2 4 5 6 0 2 15 25 6 -1 4 -1 6 4 3 16 9 4 12 19 13 0 -2 -3 14 7 27 1 23 9 18 -2 14 7
8 11 15 11 14 28 7 16 18 14 12 14 27 32 15 11 17 1 19 13 12 18 21 13 24 28 23 13 0 6 26 20 39 14 35 18 27 0 27 17
2 5 9 5 8 22 1 10 12 8 6 8 21 26 9 5 11 2 13 7 6 19 15 7 19 22 17 7 1 0 21 14 34 8 29 12 21 1 21 11
3 8 12 2 11 19 2 0 9 10 4 -2 19 21 2 3 7 2 10 8 1 19 12 8 -2 23 15 4 1 1 0 11 13 5 19 13 17 1 18 10
3 2 6 2 5 19 2 7 -2 5 3 5 18 23 7 2 -3 3 -1 8 4 20 2 4 5 23 6 4 2 1 7 0 20 5 26 13 17 2 18 0
5 4 8 4 7 21 4 10 11 7 6 8 21 25 12 5 10 5 12 8 9 22 14 6 18 23 8 6 4 3 20 13 0 7 29 13 24 4 20 13
5 10 14 4 13 14 4 11 4 12 6 11 21 30 12 5 3 5 5 10 9 22 8 10 11 25 12 11 4 3 13 6 26 0 32 15 23 4 13 6
12 17 21 11 20 27 11 17 17 19 13 15 28 2 19 12 16 9 18 17 16 26 21 17 15 32 25 13 8 10 26 19 30 13 0 22 31 8 26 19
8 8 12 8 11 25 8 13 15 11 12 11 27 20 10 11 14 8 16 13 9 25 18 10 14 28 23 10 7 7 16 17 29 11 32 0 25 7 24 17
6 9 13 5 12 14 5 11 12 8 7 9 8 23 13 6 12 6 14 -2 10 11 15 11 17 13 16 7 5 4 19 14 32 8 30 3 0 5 13 11
20 23 27 23 26 40 26 28 30 26 24 26 39 44 27 23 29 20 31 25 26 18 33 25 37 40 29 25 19 25 39 32 52 26 47 30 39 0 39 23
14 9 13 9 12 26 13 14 16 12 10 12 25 30 21 9 4 14 17 19 11 22 9 11 23 34 13 11 13 12 25 18 38 12 33 24 33 13 0 7
3 2 6 2 5 19 2 7 9 5 3 5 18 23 10 2 8 3 10 8 6 20 12 4 16 23 6 4 2 1 18 11 31 5 26 13 22 2 18 0
